<?xml version="1.0" encoding="UTF-8"?>
<testng-results ignored="0" total="2" passed="2" failed="0" skipped="0">
  <reporter-output>
  </reporter-output>
  <suite started-at="2022-10-02T02:20:40 IST" name="Default suite" finished-at="2022-10-02T02:20:41 IST" duration-ms="951">
    <groups>
      <group name="cucumber">
        <method signature="AbstractTestNGCucumberTests.runScenario(io.cucumber.testng.PickleWrapper,io.cucumber.testng.FeatureWrapper)[pri:0, instance:BDD.TestNG_TestRunner@1caa0244]" name="runScenario" class="io.cucumber.testng.AbstractTestNGCucumberTests"/>
      </group> <!-- cucumber -->
    </groups>
    <test started-at="2022-10-02T02:20:40 IST" name="Default test" finished-at="2022-10-02T02:20:41 IST" duration-ms="951">
      <class name="BDD.TestNG_TestRunner">
        <test-method is-config="true" signature="setUpClass(org.testng.ITestContext)[pri:0, instance:BDD.TestNG_TestRunner@1caa0244]" started-at="2022-10-02T02:20:40 IST" name="setUpClass" finished-at="2022-10-02T02:20:40 IST" duration-ms="554" status="PASS">
          <params>
            <param index="0">
              <value>
                <![CDATA[org.testng.TestRunner@71984c3]]>
              </value>
            </param>
          </params>
          <reporter-output>
          </reporter-output>
        </test-method> <!-- setUpClass -->
        <test-method signature="runScenario(io.cucumber.testng.PickleWrapper,io.cucumber.testng.FeatureWrapper)[pri:0, instance:BDD.TestNG_TestRunner@1caa0244]" started-at="2022-10-02T02:20:40 IST" name="runScenario" description="Runs Cucumber Scenarios" data-provider="scenarios" finished-at="2022-10-02T02:20:41 IST" duration-ms="238" status="PASS">
          <params>
            <param index="0">
              <value>
                <![CDATA["Application Login Positive"]]>
              </value>
            </param>
            <param index="1">
              <value>
                <![CDATA["OrangeHRM Application Login"]]>
              </value>
            </param>
          </params>
          <reporter-output>
          </reporter-output>
        </test-method> <!-- runScenario -->
        <test-method signature="runScenario(io.cucumber.testng.PickleWrapper,io.cucumber.testng.FeatureWrapper)[pri:0, instance:BDD.TestNG_TestRunner@1caa0244]" started-at="2022-10-02T02:20:41 IST" name="runScenario" description="Runs Cucumber Scenarios" data-provider="scenarios" finished-at="2022-10-02T02:20:41 IST" duration-ms="9" status="PASS">
          <params>
            <param index="0">
              <value>
                <![CDATA["Application Login Positive"]]>
              </value>
            </param>
            <param index="1">
              <value>
                <![CDATA["OrangeHRM Application Login"]]>
              </value>
            </param>
          </params>
          <reporter-output>
          </reporter-output>
        </test-method> <!-- runScenario -->
        <test-method is-config="true" signature="tearDownClass()[pri:0, instance:BDD.TestNG_TestRunner@1caa0244]" started-at="2022-10-02T02:20:41 IST" name="tearDownClass" finished-at="2022-10-02T02:20:41 IST" duration-ms="31" status="PASS">
          <reporter-output>
          </reporter-output>
        </test-method> <!-- tearDownClass -->
      </class> <!-- BDD.TestNG_TestRunner -->
    </test> <!-- Default test -->
  </suite> <!-- Default suite -->
</testng-results>
